#
# A fatal error has been detected by the Java Runtime Environment:
#
#  EXCEPTION_ACCESS_VIOLATION (0xc0000005) at pc=0xffffffffa4405120, pid=4008, tid=7024
#
# JRE version: Java(TM) SE Runtime Environment (8.0_91-b14) (build 1.8.0_91-b14)
# Java VM: Java HotSpot(TM) 64-Bit Server VM (25.91-b14 mixed mode windows-amd64 compressed oops)
# Problematic frame:
# C  0xffffffffa4405120
#
# Failed to write core dump. Minidumps are not enabled by default on client versions of Windows
#
# If you would like to submit a bug report, please visit:
#   http://bugreport.java.com/bugreport/crash.jsp
#

---------------  T H R E A D  ---------------

Current thread (0x0000000001830800):  JavaThread "main" [_thread_in_Java, id=7024, stack(0x0000000001650000,0x0000000001750000)]

siginfo: ExceptionCode=0xc0000005, ExceptionInformation=0x0000000000000008 0xffffffffa4405120

Registers:
RAX=0x0000000100107960, RBX=0x0000000014068cf8, RCX=0x0000000000000001, RDX=0x00000000f033b058
RSP=0x000000000174ec38, RBP=0x000000000174ede8, RSI=0x00000000143e4a10, RDI=0x0000000000000469
R8 =0x0000000000000001, R9 =0x00000000000003f0, R10=0x00000000f03453a8, R11=0x0000000000000000
R12=0x0000000000000000, R13=0x0000000000000128, R14=0x0000000000000588, R15=0x0000000001830800
RIP=0xffffffffa4405120, EFLAGS=0x0000000000010206

Top of Stack: (sp=0x000000000174ec38)
0x000000000174ec38:   000000000357c094 000000000174ed20
0x000000000174ec48:   0000000003588b04 000000000174ed50
0x000000000174ec58:   000000000340809d 00000000f0343610
0x000000000174ec68:   00000000391f50aa 00000000f0341070
0x000000000174ec78:   00000000146439e0 00000000391f50aa
0x000000000174ec88:   00000000f033b058 00000000f0341070
0x000000000174ec98:   00000000f0340358 0000000000000001
0x000000000174eca8:   00000000f0344c58 000000000174ed20
0x000000000174ecb8:   0000000000000001 0000000000000000
0x000000000174ecc8:   00000000f0344b98 00000000f0341070
0x000000000174ecd8:   00000000f0343610 000000000174ede8
0x000000000174ece8:   000000000357cd9c 000000000174ed38
0x000000000174ecf8:   0000000014288950 0000000000000000
0x000000000174ed08:   0000000014288610 0000000000000000
0x000000000174ed18:   000000000174ed30 000000000174ed80
0x000000000174ed28:   0000000003407e20 00000000f0341070 

Instructions: (pc=0xffffffffa4405120)
0xffffffffa4405100:   
[error occurred during error reporting (printing registers, top of stack, instructions near pc), id 0xc0000005]

Register to memory mapping:

RAX=0x0000000100107960 is pointing into metadata
RBX={method} {0x0000000014068d00} 'afterNodeInsertion' '(Z)V' in 'java/util/HashMap'
RCX=0x0000000000000001 is an unknown value
RDX=0x00000000f033b058 is an oop
javax.swing.UIDefaults$TextAndMnemonicHashMap 
 - klass: 'javax/swing/UIDefaults$TextAndMnemonicHashMap'
RSP=0x000000000174ec38 is pointing into the stack for thread: 0x0000000001830800
RBP=0x000000000174ede8 is pointing into the stack for thread: 0x0000000001830800
RSI=0x00000000143e4a10 is pointing into metadata
RDI=0x0000000000000469 is an unknown value
R8 =0x0000000000000001 is an unknown value
R9 =0x00000000000003f0 is an unknown value
R10=0x00000000f03453a8 is an oop
java.util.HashMap$Node 
 - klass: 'java/util/HashMap$Node'
R11=0x0000000000000000 is an unknown value
R12=0x0000000000000000 is an unknown value
R13=0x0000000000000128 is an unknown value
R14=0x0000000000000588 is an unknown value
R15=0x0000000001830800 is a thread


Stack: [0x0000000001650000,0x0000000001750000],  sp=0x000000000174ec38,  free space=1019k
Native frames: (J=compiled Java code, j=interpreted, Vv=VM code, C=native code)
C  0xffffffffa4405120


---------------  P R O C E S S  ---------------

Java Threads: ( => current thread )
  0x000000001601b800 JavaThread "AWT-Windows" daemon [_thread_in_native, id=3864, stack(0x00000000163d0000,0x00000000164d0000)]
  0x000000001606e000 JavaThread "AWT-Shutdown" [_thread_blocked, id=3940, stack(0x00000000162d0000,0x00000000163d0000)]
  0x000000001606b800 JavaThread "Java2D Disposer" daemon [_thread_blocked, id=5760, stack(0x00000000161d0000,0x00000000162d0000)]
  0x0000000014956800 JavaThread "Service Thread" daemon [_thread_blocked, id=4132, stack(0x0000000015af0000,0x0000000015bf0000)]
  0x000000001492e000 JavaThread "C1 CompilerThread1" daemon [_thread_blocked, id=6060, stack(0x00000000159f0000,0x0000000015af0000)]
  0x00000000148da800 JavaThread "C2 CompilerThread0" daemon [_thread_blocked, id=4520, stack(0x00000000158f0000,0x00000000159f0000)]
  0x00000000148d9000 JavaThread "Attach Listener" daemon [_thread_blocked, id=4108, stack(0x00000000157f0000,0x00000000158f0000)]
  0x00000000148d6000 JavaThread "Signal Dispatcher" daemon [_thread_blocked, id=6092, stack(0x00000000156f0000,0x00000000157f0000)]
  0x00000000148c8800 JavaThread "Finalizer" daemon [_thread_blocked, id=5288, stack(0x0000000015510000,0x0000000015610000)]
  0x000000000191b800 JavaThread "Reference Handler" daemon [_thread_blocked, id=3828, stack(0x0000000015410000,0x0000000015510000)]
=>0x0000000001830800 JavaThread "main" [_thread_in_Java, id=7024, stack(0x0000000001650000,0x0000000001750000)]

Other Threads:
  0x00000000148a6000 VMThread [stack: 0x0000000015310000,0x0000000015410000] [id=7060]
  0x000000001495b000 WatcherThread [stack: 0x0000000015bf0000,0x0000000015cf0000] [id=4292]

VM state:not at safepoint (normal execution)

VM Mutex/Monitor currently owned by a thread: None

Heap:
 PSYoungGen      total 14336K, used 3443K [0x00000000f0000000, 0x00000000f1000000, 0x0000000100000000)
  eden space 12288K, 28% used [0x00000000f0000000,0x00000000f035cdc0,0x00000000f0c00000)
  from space 2048K, 0% used [0x00000000f0e00000,0x00000000f0e00000,0x00000000f1000000)
  to   space 2048K, 0% used [0x00000000f0c00000,0x00000000f0c00000,0x00000000f0e00000)
 ParOldGen       total 32768K, used 0K [0x00000000d0000000, 0x00000000d2000000, 0x00000000f0000000)
  object space 32768K, 0% used [0x00000000d0000000,0x00000000d0000000,0x00000000d2000000)
 Metaspace       used 7865K, capacity 8038K, committed 8320K, reserved 1056768K
  class space    used 989K, capacity 1088K, committed 1152K, reserved 1048576K

Card table byte_map: [0x0000000001cf0000,0x0000000001e80000] byte_map_base: 0x0000000001670000

Marking Bits: (ParMarkBitMap*) 0x00000000703a2f70
 Begin Bits: [0x0000000012600000, 0x0000000013200000)
 End Bits:   [0x0000000013200000, 0x0000000013e00000)

Polling page: 0x00000000012f0000

CodeCache: size=245760Kb used=1662Kb max_used=1662Kb free=244097Kb
 bounds [0x0000000003400000, 0x0000000003670000, 0x0000000012400000]
 total_blobs=655 nmethods=286 adapters=284
 compilation: enabled

Compilation events (10 events):
Event: 0.370 Thread 0x000000001492e000  282       3       java.lang.String::endsWith (17 bytes)
Event: 0.370 Thread 0x000000001492e000 nmethod 282 0x000000000359dd90 code [0x000000000359df00, 0x000000000359e128]
Event: 0.380 Thread 0x000000001492e000  283       1       javax.swing.plaf.nimbus.NimbusDefaults$LazyStyle$Part::access$600 (5 bytes)
Event: 0.380 Thread 0x000000001492e000 nmethod 283 0x000000000359ea90 code [0x000000000359ebe0, 0x000000000359ecd0]
Event: 0.381 Thread 0x000000001492e000  284       3       java.util.regex.Matcher::search (109 bytes)
Event: 0.381 Thread 0x000000001492e000 nmethod 284 0x000000000359ed50 code [0x000000000359eee0, 0x000000000359f2e8]
Event: 0.384 Thread 0x000000001492e000  285       3       java.util.AbstractSet::<init> (5 bytes)
Event: 0.384 Thread 0x000000001492e000 nmethod 285 0x000000000359f650 code [0x000000000359f7c0, 0x000000000359f9d0]
Event: 0.385 Thread 0x000000001492e000  286       1       java.util.HashMap::afterNodeInsertion (1 bytes)
Event: 0.385 Thread 0x000000001492e000 nmethod 286 0x000000000359fa90 code [0x000000000359fbe0, 0x000000000359fcf0]

GC Heap History (0 events):
No events

Deoptimization events (1 events):
Event: 0.297 Thread 0x0000000001830800 Uncommon trap: reason=null_check action=make_not_entrant pc=0x000000000357529c method=java.lang.String.equals(Ljava/lang/Object;)Z @ 8

Internal exceptions (10 events):
Event: 0.378 Thread 0x0000000001830800 Exception <a 'java/lang/ClassNotFoundException': ToolBar> (0x00000000f03349f0) thrown at [C:\re\workspace\8-2-build-windows-amd64-cygwin\jdk8u91\6644\hotspot\src\share\vm\classfile\systemDictionary.cpp, line 210]
Event: 0.378 Thread 0x0000000001830800 Exception <a 'java/lang/ClassNotFoundException': ToggleButton> (0x00000000f0334fa0) thrown at [C:\re\workspace\8-2-build-windows-amd64-cygwin\jdk8u91\6644\hotspot\src\share\vm\classfile\systemDictionary.cpp, line 210]
Event: 0.378 Thread 0x0000000001830800 Exception <a 'java/lang/ClassNotFoundException': javax/swing/JToolBarSeparator> (0x00000000f0335400) thrown at [C:\re\workspace\8-2-build-windows-amd64-cygwin\jdk8u91\6644\hotspot\src\share\vm\classfile\systemDictionary.cpp, line 210]
Event: 0.378 Thread 0x0000000001830800 Exception <a 'java/lang/ClassNotFoundException': ToolBarSeparator> (0x00000000f0335898) thrown at [C:\re\workspace\8-2-build-windows-amd64-cygwin\jdk8u91\6644\hotspot\src\share\vm\classfile\systemDictionary.cpp, line 210]
Event: 0.379 Thread 0x0000000001830800 Exception <a 'java/lang/ClassNotFoundException': ToolTip> (0x00000000f0335fd8) thrown at [C:\re\workspace\8-2-build-windows-amd64-cygwin\jdk8u91\6644\hotspot\src\share\vm\classfile\systemDictionary.cpp, line 210]
Event: 0.380 Thread 0x0000000001830800 Exception <a 'java/lang/ClassNotFoundException': Tree> (0x00000000f0336bf8) thrown at [C:\re\workspace\8-2-build-windows-amd64-cygwin\jdk8u91\6644\hotspot\src\share\vm\classfile\systemDictionary.cpp, line 210]
Event: 0.380 Thread 0x0000000001830800 Exception <a 'java/lang/ClassNotFoundException': Tree> (0x00000000f0337338) thrown at [C:\re\workspace\8-2-build-windows-amd64-cygwin\jdk8u91\6644\hotspot\src\share\vm\classfile\systemDictionary.cpp, line 210]
Event: 0.380 Thread 0x0000000001830800 Exception <a 'java/lang/ClassNotFoundException': javax/swing/JTreeCell> (0x00000000f03376b8) thrown at [C:\re\workspace\8-2-build-windows-amd64-cygwin\jdk8u91\6644\hotspot\src\share\vm\classfile\systemDictionary.cpp, line 210]
Event: 0.380 Thread 0x0000000001830800 Exception <a 'java/lang/ClassNotFoundException': TreeCell> (0x00000000f0337b40) thrown at [C:\re\workspace\8-2-build-windows-amd64-cygwin\jdk8u91\6644\hotspot\src\share\vm\classfile\systemDictionary.cpp, line 210]
Event: 0.381 Thread 0x0000000001830800 Exception <a 'java/lang/ClassNotFoundException': RootPane> (0x00000000f03385a0) thrown at [C:\re\workspace\8-2-build-windows-amd64-cygwin\jdk8u91\6644\hotspot\src\share\vm\classfile\systemDictionary.cpp, line 210]

Events (10 events):
Event: 0.383 loading class javax/swing/plaf/nimbus/DerivedColor$UIResource
Event: 0.383 loading class javax/swing/plaf/nimbus/DerivedColor$UIResource done
Event: 0.383 loading class javax/swing/UIDefaults$TextAndMnemonicHashMap
Event: 0.384 loading class javax/swing/UIDefaults$TextAndMnemonicHashMap done
Event: 0.384 loading class com/sun/swing/internal/plaf/metal/resources/metal
Event: 0.384 loading class com/sun/swing/internal/plaf/metal/resources/metal done
Event: 0.384 loading class sun/util/ResourceBundleEnumeration
Event: 0.384 loading class sun/util/ResourceBundleEnumeration done
Event: 0.384 loading class com/sun/swing/internal/plaf/basic/resources/basic
Event: 0.384 loading class com/sun/swing/internal/plaf/basic/resources/basic done


Dynamic libraries:
0x00007ff604b00000 - 0x00007ff604b37000 	C:\Program Files\Java\jdk1.8.0_91\bin\java.exe
0x00007ffb8e710000 - 0x00007ffb8e8d2000 	C:\Windows\SYSTEM32\ntdll.dll
0x00007ffb8e5e0000 - 0x00007ffb8e68d000 	C:\Windows\system32\KERNEL32.DLL
0x00007ffb8b3f0000 - 0x00007ffb8b5cd000 	C:\Windows\system32\KERNELBASE.dll
0x00007ffb8bdd0000 - 0x00007ffb8be76000 	C:\Windows\system32\ADVAPI32.dll
0x00007ffb8dc10000 - 0x00007ffb8dcad000 	C:\Windows\system32\msvcrt.dll
0x00007ffb8c3e0000 - 0x00007ffb8c43b000 	C:\Windows\system32\sechost.dll
0x00007ffb8df50000 - 0x00007ffb8e076000 	C:\Windows\system32\RPCRT4.dll
0x00007ffb8bfb0000 - 0x00007ffb8c0fe000 	C:\Windows\system32\USER32.dll
0x00007ffb8e290000 - 0x00007ffb8e415000 	C:\Windows\system32\GDI32.dll
0x00007ffb7f1a0000 - 0x00007ffb7f414000 	C:\Windows\WinSxS\amd64_microsoft.windows.common-controls_6595b64144ccf1df_6.0.10240.17184_none_f41d7a705752bce6\COMCTL32.dll
0x00007ffb8e250000 - 0x00007ffb8e286000 	C:\Windows\system32\IMM32.DLL
0x00007ffb8e080000 - 0x00007ffb8e1dc000 	C:\Windows\system32\MSCTF.dll
0x000000006fab0000 - 0x000000006fb82000 	C:\Program Files\Java\jdk1.8.0_91\jre\bin\msvcr100.dll
0x000000006fb90000 - 0x0000000070423000 	C:\Program Files\Java\jdk1.8.0_91\jre\bin\server\jvm.dll
0x00007ffb8e5d0000 - 0x00007ffb8e5d8000 	C:\Windows\system32\PSAPI.DLL
0x00007ffb79460000 - 0x00007ffb79469000 	C:\Windows\SYSTEM32\WSOCK32.dll
0x00007ffb8e1e0000 - 0x00007ffb8e249000 	C:\Windows\system32\WS2_32.dll
0x00007ffb8e690000 - 0x00007ffb8e698000 	C:\Windows\system32\NSI.dll
0x00007ffb89b60000 - 0x00007ffb89b83000 	C:\Windows\SYSTEM32\WINMM.dll
0x00007ffb87310000 - 0x00007ffb8731a000 	C:\Windows\SYSTEM32\VERSION.dll
0x00007ffb89b30000 - 0x00007ffb89b5c000 	C:\Windows\SYSTEM32\WINMMBASE.dll
0x00007ffb8b3a0000 - 0x00007ffb8b3e4000 	C:\Windows\system32\cfgmgr32.dll
0x00007ffb8ae70000 - 0x00007ffb8ae97000 	C:\Windows\SYSTEM32\DEVOBJ.dll
0x000000006fa60000 - 0x000000006fa6f000 	C:\Program Files\Java\jdk1.8.0_91\jre\bin\verify.dll
0x000000006fa30000 - 0x000000006fa59000 	C:\Program Files\Java\jdk1.8.0_91\jre\bin\java.dll
0x000000006fa10000 - 0x000000006fa26000 	C:\Program Files\Java\jdk1.8.0_91\jre\bin\zip.dll
0x00007ffb8c6e0000 - 0x00007ffb8dc03000 	C:\Windows\system32\SHELL32.dll
0x00007ffb8b740000 - 0x00007ffb8bd69000 	C:\Windows\system32\windows.storage.dll
0x00007ffb8c440000 - 0x00007ffb8c6bc000 	C:\Windows\system32\combase.dll
0x00007ffb8dd90000 - 0x00007ffb8dde1000 	C:\Windows\system32\shlwapi.dll
0x00007ffb8b130000 - 0x00007ffb8b13f000 	C:\Windows\system32\kernel.appcore.dll
0x00007ffb8b5d0000 - 0x00007ffb8b683000 	C:\Windows\system32\shcore.dll
0x00007ffb8b140000 - 0x00007ffb8b18a000 	C:\Windows\system32\powrprof.dll
0x00007ffb8b190000 - 0x00007ffb8b1a3000 	C:\Windows\system32\profapi.dll
0x000000006f830000 - 0x000000006f9c8000 	C:\Program Files\Java\jdk1.8.0_91\jre\bin\awt.dll
0x00007ffb8be80000 - 0x00007ffb8bf42000 	C:\Windows\system32\OLEAUT32.dll
0x00007ffb890a0000 - 0x00007ffb89118000 	C:\Windows\system32\apphelp.dll
0x00007ffb89140000 - 0x00007ffb891d6000 	C:\Windows\system32\uxtheme.dll
0x00007ffb88ab0000 - 0x00007ffb88ad2000 	C:\Windows\system32\dwmapi.dll
0x00007ffb8de00000 - 0x00007ffb8df41000 	C:\Windows\system32\ole32.dll
0x00007ffb8af50000 - 0x00007ffb8afbb000 	C:\Windows\SYSTEM32\bcryptPrimitives.dll
0x000000006f7e0000 - 0x000000006f827000 	C:\Program Files\Java\jdk1.8.0_91\jre\bin\fontmanager.dll
0x00007ffb6ffd0000 - 0x00007ffb7015a000 	C:\Windows\SYSTEM32\dbghelp.dll

VM Arguments:
jvm_args: -Dfile.encoding=UTF-8 
java_command: Restaurant_Management
java_class_path (initial): C:\Users\sharm\OneDrive\Documents\NetBeansProjects\Restaurant_Mangagement_System\build\classes
Launcher Type: SUN_STANDARD

Environment Variables:
PATH=C:\ProgramData\Oracle\Java\javapath;C:\Program Files (x86)\NVIDIA Corporation\PhysX\Common;C:\Windows\system32;C:\Windows;C:\Windows\System32\Wbem;C:\Windows\System32\WindowsPowerShell\v1.0\
USERNAME=sharm
OS=Windows_NT
PROCESSOR_IDENTIFIER=Intel64 Family 6 Model 23 Stepping 10, GenuineIntel



---------------  S Y S T E M  ---------------

OS: Windows 10.0 , 64 bit Build 10240 (10.0.10240.17113)

CPU:total 2 (2 cores per cpu, 1 threads per core) family 6 model 23 stepping 10, cmov, cx8, fxsr, mmx, sse, sse2, sse3, ssse3, sse4.1, tsc

Memory: 4k page, physical 3143860k(402136k free), swap 5223272k(974620k free)

vm_info: Java HotSpot(TM) 64-Bit Server VM (25.91-b14) for windows-amd64 JRE (1.8.0_91-b14), built on Apr  1 2016 00:58:32 by "java_re" with MS VC++ 10.0 (VS2010)

time: Fri Mar 10 02:10:08 2017
elapsed time: 0 seconds (0d 0h 0m 0s)

