#
# A fatal error has been detected by the Java Runtime Environment:
#
#  EXCEPTION_ACCESS_VIOLATION (0xc0000005) at pc=0xffffffffa4405120, pid=5108, tid=3936
#
# JRE version: Java(TM) SE Runtime Environment (8.0_91-b14) (build 1.8.0_91-b14)
# Java VM: Java HotSpot(TM) 64-Bit Server VM (25.91-b14 mixed mode windows-amd64 compressed oops)
# Problematic frame:
# C  0xffffffffa4405120
#
# Failed to write core dump. Minidumps are not enabled by default on client versions of Windows
#
# If you would like to submit a bug report, please visit:
#   http://bugreport.java.com/bugreport/crash.jsp
#

---------------  T H R E A D  ---------------

Current thread (0x0000000000f51000):  JavaThread "main" [_thread_in_Java, id=3936, stack(0x0000000000dd0000,0x0000000000ed0000)]

siginfo: ExceptionCode=0xc0000005, ExceptionInformation=0x0000000000000008 0xffffffffa4405120

Registers:
RAX=0x00000000142376c8, RBX=0x00000000142376c8, RCX=0x00000000d00f7180, RDX=0x00000000d00f7180
RSP=0x0000000000eced68, RBP=0x0000000000ecedd0, RSI=0x0000000000000a46, RDI=0x0000000000000a3d
R8 =0x0000000000000001, R9 =0x0000000000000a3d, R10=0x00000000703849a0, R11=0x00000000039cb3e0
R12=0x0000000000000000, R13=0x0000000000eced80, R14=0x0000000000000000, R15=0x0000000000f51000
RIP=0xffffffffa4405120, EFLAGS=0x0000000000010202

Top of Stack: (sp=0x0000000000eced68)
0x0000000000eced68:   000000000340809d 0000000000ecedd0
0x0000000000eced78:   000000000340809d 0000000000000001
0x0000000000eced88:   00000000d00f7180 0000000000eced90
0x0000000000eced98:   000000001422f1ec 0000000000ecee40
0x0000000000eceda8:   00000000142341a0 0000000000000000
0x0000000000ecedb8:   000000001422f4e0 0000000000eced80
0x0000000000ecedc8:   0000000000ecee38 0000000000ecee88
0x0000000000ecedd8:   000000000340809d 0000000000000000
0x0000000000ecede8:   0000000000000000 0000000000000000
0x0000000000ecedf8:   0000000000000000 0000000000000000
0x0000000000ecee08:   0000000000000000 0000000000000000
0x0000000000ecee18:   00000000f097cb40 00000000d041d590
0x0000000000ecee28:   0000000000000200 0000000000000008
0x0000000000ecee38:   00000000d00f74d8 00000000d00f7110
0x0000000000ecee48:   0000000000ecee48 0000000014232ca9
0x0000000000ecee58:   0000000000ecef00 00000000142341a0 

Instructions: (pc=0xffffffffa4405120)
0xffffffffa4405100:   
[error occurred during error reporting (printing registers, top of stack, instructions near pc), id 0xc0000005]

Register to memory mapping:

RAX={method} {0x00000000142376d0} 'appendByte' '(I)V' in 'com/sun/tools/javac/util/ByteBuffer'
RBX={method} {0x00000000142376d0} 'appendByte' '(I)V' in 'com/sun/tools/javac/util/ByteBuffer'
RCX=0x00000000d00f7180 is an oop
com.sun.tools.javac.util.ByteBuffer 
 - klass: 'com/sun/tools/javac/util/ByteBuffer'
RDX=0x00000000d00f7180 is an oop
com.sun.tools.javac.util.ByteBuffer 
 - klass: 'com/sun/tools/javac/util/ByteBuffer'
RSP=0x0000000000eced68 is pointing into the stack for thread: 0x0000000000f51000
RBP=0x0000000000ecedd0 is pointing into the stack for thread: 0x0000000000f51000
RSI=0x0000000000000a46 is an unknown value
RDI=0x0000000000000a3d is an unknown value
R8 =0x0000000000000001 is an unknown value
R9 =0x0000000000000a3d is an unknown value
R10=0x00000000703849a0 is an unknown value
R11=0x00000000039cb3e0 is at entry_point+32 in (nmethod*)0x00000000039cb250
R12=0x0000000000000000 is an unknown value
R13=0x0000000000eced80 is pointing into the stack for thread: 0x0000000000f51000
R14=0x0000000000000000 is an unknown value
R15=0x0000000000f51000 is a thread


Stack: [0x0000000000dd0000,0x0000000000ed0000],  sp=0x0000000000eced68,  free space=1019k
Native frames: (J=compiled Java code, j=interpreted, Vv=VM code, C=native code)
C  0xffffffffa4405120


---------------  P R O C E S S  ---------------

Java Threads: ( => current thread )
  0x0000000001cc2800 JavaThread "Service Thread" daemon [_thread_blocked, id=4044, stack(0x0000000015350000,0x0000000015450000)]
  0x0000000001c5b800 JavaThread "C1 CompilerThread1" daemon [_thread_blocked, id=2128, stack(0x0000000015250000,0x0000000015350000)]
  0x0000000001c59800 JavaThread "C2 CompilerThread0" daemon [_thread_blocked, id=5536, stack(0x0000000015150000,0x0000000015250000)]
  0x0000000001c58000 JavaThread "Attach Listener" daemon [_thread_blocked, id=5004, stack(0x0000000015050000,0x0000000015150000)]
  0x0000000001c54800 JavaThread "Signal Dispatcher" daemon [_thread_blocked, id=3016, stack(0x0000000014f50000,0x0000000015050000)]
  0x0000000001047800 JavaThread "Finalizer" daemon [_thread_blocked, id=7132, stack(0x0000000014d70000,0x0000000014e70000)]
  0x000000000103c000 JavaThread "Reference Handler" daemon [_thread_blocked, id=6496, stack(0x0000000014c70000,0x0000000014d70000)]
=>0x0000000000f51000 JavaThread "main" [_thread_in_Java, id=3936, stack(0x0000000000dd0000,0x0000000000ed0000)]

Other Threads:
  0x0000000001c25800 VMThread [stack: 0x0000000014b70000,0x0000000014c70000] [id=2900]
  0x0000000001ce0800 WatcherThread [stack: 0x0000000015450000,0x0000000015550000] [id=4772]

VM state:not at safepoint (normal execution)

VM Mutex/Monitor currently owned by a thread: None

Heap:
 PSYoungGen      total 19456K, used 14833K [0x00000000f0000000, 0x00000000f1c00000, 0x0000000100000000)
  eden space 14336K, 67% used [0x00000000f0000000,0x00000000f097ee98,0x00000000f0e00000)
  from space 5120K, 99% used [0x00000000f1400000,0x00000000f18fd6b8,0x00000000f1900000)
  to   space 6144K, 0% used [0x00000000f0e00000,0x00000000f0e00000,0x00000000f1400000)
 ParOldGen       total 9216K, used 5158K [0x00000000d0000000, 0x00000000d0900000, 0x00000000f0000000)
  object space 9216K, 55% used [0x00000000d0000000,0x00000000d0509998,0x00000000d0900000)
 Metaspace       used 9457K, capacity 10036K, committed 10368K, reserved 1058816K
  class space    used 1048K, capacity 1072K, committed 1152K, reserved 1048576K

Card table byte_map: [0x00000000014f0000,0x0000000001680000] byte_map_base: 0x0000000000e70000

Marking Bits: (ParMarkBitMap*) 0x00000000703a2f70
 Begin Bits: [0x0000000012400000, 0x0000000013000000)
 End Bits:   [0x0000000013000000, 0x0000000013c00000)

Polling page: 0x0000000000700000

CodeCache: size=245760Kb used=6796Kb max_used=6807Kb free=238963Kb
 bounds [0x0000000003400000, 0x0000000003ab0000, 0x0000000012400000]
 total_blobs=2123 nmethods=1826 adapters=210
 compilation: enabled

Compilation events (10 events):
Event: 2.449 Thread 0x0000000001c5b800 nmethod 1823 0x0000000003a938d0 code [0x0000000003a93a80, 0x0000000003a940c8]
Event: 2.450 Thread 0x0000000001c59800 nmethod 1791 0x0000000003aa70d0 code [0x0000000003aa7240, 0x0000000003aa7558]
Event: 2.450 Thread 0x0000000001c5b800 1824       3       java.util.HashSet::contains (9 bytes)
Event: 2.450 Thread 0x0000000001c5b800 nmethod 1824 0x0000000003a93490 code [0x0000000003a93600, 0x0000000003a93828]
Event: 2.450 Thread 0x0000000001c5b800 1825       3       com.sun.tools.javac.util.Convert::chars2utf (159 bytes)
Event: 2.450 Thread 0x0000000001c5b800 nmethod 1825 0x0000000003a92b50 code [0x0000000003a92ce0, 0x0000000003a930d0]
Event: 2.450 Thread 0x0000000001c5b800 1826       3       com.sun.tools.javac.util.ByteBuffer::appendByte (34 bytes)
Event: 2.450 Thread 0x0000000001c59800 1827       4       com.sun.tools.javac.util.ByteBuffer::appendChar (63 bytes)
Event: 2.450 Thread 0x0000000001c5b800 nmethod 1826 0x0000000003aa6810 code [0x0000000003aa69a0, 0x0000000003aa6e68]
Event: 2.453 Thread 0x0000000001c59800 nmethod 1827 0x0000000003a92550 code [0x0000000003a926a0, 0x0000000003a92988]

GC Heap History (10 events):
Event: 0.681 GC heap before
{Heap before GC invocations=5 (full 0):
 PSYoungGen      total 6656K, used 6640K [0x00000000f0000000, 0x00000000f0700000, 0x0000000100000000)
  eden space 6144K, 100% used [0x00000000f0000000,0x00000000f0600000,0x00000000f0600000)
  from space 512K, 96% used [0x00000000f0680000,0x00000000f06fc020,0x00000000f0700000)
  to   space 512K, 0% used [0x00000000f0600000,0x00000000f0600000,0x00000000f0680000)
 ParOldGen       total 5632K, used 849K [0x00000000d0000000, 0x00000000d0580000, 0x00000000f0000000)
  object space 5632K, 15% used [0x00000000d0000000,0x00000000d00d4560,0x00000000d0580000)
 Metaspace       used 7428K, capacity 8308K, committed 8448K, reserved 1056768K
  class space    used 894K, capacity 944K, committed 1024K, reserved 1048576K
Event: 0.688 GC heap after
Heap after GC invocations=5 (full 0):
 PSYoungGen      total 6656K, used 512K [0x00000000f0000000, 0x00000000f1200000, 0x0000000100000000)
  eden space 6144K, 0% used [0x00000000f0000000,0x00000000f0000000,0x00000000f0600000)
  from space 512K, 100% used [0x00000000f0600000,0x00000000f0680000,0x00000000f0680000)
  to   space 3072K, 0% used [0x00000000f0f00000,0x00000000f0f00000,0x00000000f1200000)
 ParOldGen       total 5632K, used 3808K [0x00000000d0000000, 0x00000000d0580000, 0x00000000f0000000)
  object space 5632K, 67% used [0x00000000d0000000,0x00000000d03b83d8,0x00000000d0580000)
 Metaspace       used 7428K, capacity 8308K, committed 8448K, reserved 1056768K
  class space    used 894K, capacity 944K, committed 1024K, reserved 1048576K
}
Event: 0.689 GC heap before
{Heap before GC invocations=6 (full 1):
 PSYoungGen      total 6656K, used 512K [0x00000000f0000000, 0x00000000f1200000, 0x0000000100000000)
  eden space 6144K, 0% used [0x00000000f0000000,0x00000000f0000000,0x00000000f0600000)
  from space 512K, 100% used [0x00000000f0600000,0x00000000f0680000,0x00000000f0680000)
  to   space 3072K, 0% used [0x00000000f0f00000,0x00000000f0f00000,0x00000000f1200000)
 ParOldGen       total 5632K, used 3808K [0x00000000d0000000, 0x00000000d0580000, 0x00000000f0000000)
  object space 5632K, 67% used [0x00000000d0000000,0x00000000d03b83d8,0x00000000d0580000)
 Metaspace       used 7428K, capacity 8308K, committed 8448K, reserved 1056768K
  class space    used 894K, capacity 944K, committed 1024K, reserved 1048576K
Event: 0.721 GC heap after
Heap after GC invocations=6 (full 1):
 PSYoungGen      total 6656K, used 0K [0x00000000f0000000, 0x00000000f1200000, 0x0000000100000000)
  eden space 6144K, 0% used [0x00000000f0000000,0x00000000f0000000,0x00000000f0600000)
  from space 512K, 0% used [0x00000000f0600000,0x00000000f0600000,0x00000000f0680000)
  to   space 3072K, 0% used [0x00000000f0f00000,0x00000000f0f00000,0x00000000f1200000)
 ParOldGen       total 9216K, used 4270K [0x00000000d0000000, 0x00000000d0900000, 0x00000000f0000000)
  object space 9216K, 46% used [0x00000000d0000000,0x00000000d042b998,0x00000000d0900000)
 Metaspace       used 7428K, capacity 8308K, committed 8448K, reserved 1056768K
  class space    used 894K, capacity 944K, committed 1024K, reserved 1048576K
}
Event: 0.837 GC heap before
{Heap before GC invocations=7 (full 1):
 PSYoungGen      total 6656K, used 6144K [0x00000000f0000000, 0x00000000f1200000, 0x0000000100000000)
  eden space 6144K, 100% used [0x00000000f0000000,0x00000000f0600000,0x00000000f0600000)
  from space 512K, 0% used [0x00000000f0600000,0x00000000f0600000,0x00000000f0680000)
  to   space 3072K, 0% used [0x00000000f0f00000,0x00000000f0f00000,0x00000000f1200000)
 ParOldGen       total 9216K, used 4270K [0x00000000d0000000, 0x00000000d0900000, 0x00000000f0000000)
  object space 9216K, 46% used [0x00000000d0000000,0x00000000d042b998,0x00000000d0900000)
 Metaspace       used 7472K, capacity 8308K, committed 8448K, reserved 1056768K
  class space    used 896K, capacity 944K, committed 1024K, reserved 1048576K
Event: 0.851 GC heap after
Heap after GC invocations=7 (full 1):
 PSYoungGen      total 12288K, used 3042K [0x00000000f0000000, 0x00000000f1200000, 0x0000000100000000)
  eden space 9216K, 0% used [0x00000000f0000000,0x00000000f0000000,0x00000000f0900000)
  from space 3072K, 99% used [0x00000000f0f00000,0x00000000f11f8bb0,0x00000000f1200000)
  to   space 4096K, 0% used [0x00000000f0a00000,0x00000000f0a00000,0x00000000f0e00000)
 ParOldGen       total 9216K, used 5142K [0x00000000d0000000, 0x00000000d0900000, 0x00000000f0000000)
  object space 9216K, 55% used [0x00000000d0000000,0x00000000d0505998,0x00000000d0900000)
 Metaspace       used 7472K, capacity 8308K, committed 8448K, reserved 1056768K
  class space    used 896K, capacity 944K, committed 1024K, reserved 1048576K
}
Event: 1.215 GC heap before
{Heap before GC invocations=8 (full 1):
 PSYoungGen      total 12288K, used 12258K [0x00000000f0000000, 0x00000000f1200000, 0x0000000100000000)
  eden space 9216K, 100% used [0x00000000f0000000,0x00000000f0900000,0x00000000f0900000)
  from space 3072K, 99% used [0x00000000f0f00000,0x00000000f11f8bb0,0x00000000f1200000)
  to   space 4096K, 0% used [0x00000000f0a00000,0x00000000f0a00000,0x00000000f0e00000)
 ParOldGen       total 9216K, used 5142K [0x00000000d0000000, 0x00000000d0900000, 0x00000000f0000000)
  object space 9216K, 55% used [0x00000000d0000000,0x00000000d0505998,0x00000000d0900000)
 Metaspace       used 8197K, capacity 8884K, committed 8960K, reserved 1056768K
  class space    used 974K, capacity 1008K, committed 1024K, reserved 1048576K
Event: 1.294 GC heap after
Heap after GC invocations=8 (full 1):
 PSYoungGen      total 14336K, used 4053K [0x00000000f0000000, 0x00000000f1900000, 0x0000000100000000)
  eden space 10240K, 0% used [0x00000000f0000000,0x00000000f0000000,0x00000000f0a00000)
  from space 4096K, 98% used [0x00000000f0a00000,0x00000000f0df56a8,0x00000000f0e00000)
  to   space 5120K, 0% used [0x00000000f1400000,0x00000000f1400000,0x00000000f1900000)
 ParOldGen       total 9216K, used 5150K [0x00000000d0000000, 0x00000000d0900000, 0x00000000f0000000)
  object space 9216K, 55% used [0x00000000d0000000,0x00000000d0507998,0x00000000d0900000)
 Metaspace       used 8197K, capacity 8884K, committed 8960K, reserved 1056768K
  class space    used 974K, capacity 1008K, committed 1024K, reserved 1048576K
}
Event: 1.843 GC heap before
{Heap before GC invocations=9 (full 1):
 PSYoungGen      total 14336K, used 14293K [0x00000000f0000000, 0x00000000f1900000, 0x0000000100000000)
  eden space 10240K, 100% used [0x00000000f0000000,0x00000000f0a00000,0x00000000f0a00000)
  from space 4096K, 98% used [0x00000000f0a00000,0x00000000f0df56a8,0x00000000f0e00000)
  to   space 5120K, 0% used [0x00000000f1400000,0x00000000f1400000,0x00000000f1900000)
 ParOldGen       total 9216K, used 5150K [0x00000000d0000000, 0x00000000d0900000, 0x00000000f0000000)
  object space 9216K, 55% used [0x00000000d0000000,0x00000000d0507998,0x00000000d0900000)
 Metaspace       used 8712K, capacity 9332K, committed 9472K, reserved 1058816K
  class space    used 996K, capacity 1008K, committed 1024K, reserved 1048576K
Event: 1.856 GC heap after
Heap after GC invocations=9 (full 1):
 PSYoungGen      total 19456K, used 5109K [0x00000000f0000000, 0x00000000f1c00000, 0x0000000100000000)
  eden space 14336K, 0% used [0x00000000f0000000,0x00000000f0000000,0x00000000f0e00000)
  from space 5120K, 99% used [0x00000000f1400000,0x00000000f18fd6b8,0x00000000f1900000)
  to   space 6144K, 0% used [0x00000000f0e00000,0x00000000f0e00000,0x00000000f1400000)
 ParOldGen       total 9216K, used 5158K [0x00000000d0000000, 0x00000000d0900000, 0x00000000f0000000)
  object space 9216K, 55% used [0x00000000d0000000,0x00000000d0509998,0x00000000d0900000)
 Metaspace       used 8712K, capacity 9332K, committed 9472K, reserved 1058816K
  class space    used 996K, capacity 1008K, committed 1024K, reserved 1048576K
}

Deoptimization events (10 events):
Event: 2.089 Thread 0x0000000000f51000 Uncommon trap: reason=class_check action=maybe_recompile pc=0x0000000003956c4c method=java.util.HashMap.putVal(ILjava/lang/Object;Ljava/lang/Object;ZZ)Ljava/lang/Object; @ 253
Event: 2.106 Thread 0x0000000000f51000 Uncommon trap: reason=bimorphic action=maybe_recompile pc=0x00000000038849f4 method=com.sun.tools.javac.code.Types$18.visitClassType(Lcom/sun/tools/javac/code/Type$ClassType;Ljava/lang/Void;)Lcom/sun/tools/javac/code/Type; @ 19
Event: 2.106 Thread 0x0000000000f51000 Uncommon trap: reason=bimorphic action=maybe_recompile pc=0x00000000038849f4 method=com.sun.tools.javac.code.Types$18.visitClassType(Lcom/sun/tools/javac/code/Type$ClassType;Ljava/lang/Void;)Lcom/sun/tools/javac/code/Type; @ 19
Event: 2.139 Thread 0x0000000000f51000 Uncommon trap: reason=class_check action=maybe_recompile pc=0x0000000003956c4c method=java.util.HashMap.putVal(ILjava/lang/Object;Ljava/lang/Object;ZZ)Ljava/lang/Object; @ 253
Event: 2.171 Thread 0x0000000000f51000 Uncommon trap: reason=unstable_if action=reinterpret pc=0x00000000037ece58 method=com.sun.tools.javac.util.ListBuffer.append(Ljava/lang/Object;)Lcom/sun/tools/javac/util/ListBuffer; @ 9
Event: 2.182 Thread 0x0000000000f51000 Uncommon trap: reason=class_check action=maybe_recompile pc=0x0000000003956c4c method=java.util.HashMap.putVal(ILjava/lang/Object;Ljava/lang/Object;ZZ)Ljava/lang/Object; @ 253
Event: 2.381 Thread 0x0000000000f51000 Uncommon trap: reason=class_check action=maybe_recompile pc=0x00000000038d83b8 method=com.sun.tools.javac.code.Types$13.visitClassType(Lcom/sun/tools/javac/code/Type$ClassType;Lcom/sun/tools/javac/code/Symbol;)Lcom/sun/tools/javac/code/Type; @ 94
Event: 2.449 Thread 0x0000000000f51000 Uncommon trap: reason=unstable_if action=reinterpret pc=0x00000000035fc74c method=com.sun.tools.javac.util.Convert.chars2utf([CI[BII)I @ 35
Event: 2.450 Thread 0x0000000000f51000 Uncommon trap: reason=unstable_if action=reinterpret pc=0x000000000377f838 method=java.util.HashMap.getNode(ILjava/lang/Object;)Ljava/util/HashMap$Node; @ 129
Event: 2.450 Thread 0x0000000000f51000 Uncommon trap: reason=unstable_if action=reinterpret pc=0x0000000003956b58 method=java.util.HashMap.putVal(ILjava/lang/Object;Ljava/lang/Object;ZZ)Ljava/lang/Object; @ 193

Internal exceptions (10 events):
Event: 0.036 Thread 0x0000000000f51000 Exception <a 'java/lang/NoSuchMethodError': Method sun.misc.Unsafe.prefetchRead(Ljava/lang/Object;J)V name or signature does not match> (0x00000000f0007fc0) thrown at [C:\re\workspace\8-2-build-windows-amd64-cygwin\jdk8u91\6644\hotspot\src\share\vm\prims\jb∫är∆¥√?
Event: 0.154 Thread 0x0000000000f51000 Exception <a 'java/security/PrivilegedActionException'> (0x00000000f0163140) thrown at [C:\re\workspace\8-2-build-windows-amd64-cygwin\jdk8u91\6644\hotspot\src\share\vm\prims\jvm.cpp, line 1386]
Event: 0.154 Thread 0x0000000000f51000 Exception <a 'java/security/PrivilegedActionException'> (0x00000000f0163538) thrown at [C:\re\workspace\8-2-build-windows-amd64-cygwin\jdk8u91\6644\hotspot\src\share\vm\prims\jvm.cpp, line 1386]
Event: 0.157 Thread 0x0000000000f51000 Exception <a 'java/security/PrivilegedActionException'> (0x00000000f0167568) thrown at [C:\re\workspace\8-2-build-windows-amd64-cygwin\jdk8u91\6644\hotspot\src\share\vm\prims\jvm.cpp, line 1386]
Event: 0.157 Thread 0x0000000000f51000 Exception <a 'java/security/PrivilegedActionException'> (0x00000000f0167960) thrown at [C:\re\workspace\8-2-build-windows-amd64-cygwin\jdk8u91\6644\hotspot\src\share\vm\prims\jvm.cpp, line 1386]
Event: 0.166 Thread 0x0000000000f51000 Exception <a 'java/security/PrivilegedActionException'> (0x00000000f00131b8) thrown at [C:\re\workspace\8-2-build-windows-amd64-cygwin\jdk8u91\6644\hotspot\src\share\vm\prims\jvm.cpp, line 1386]
Event: 0.166 Thread 0x0000000000f51000 Exception <a 'java/security/PrivilegedActionException'> (0x00000000f00135b0) thrown at [C:\re\workspace\8-2-build-windows-amd64-cygwin\jdk8u91\6644\hotspot\src\share\vm\prims\jvm.cpp, line 1386]
Event: 0.393 Thread 0x0000000000f51000 Implicit null exception at 0x0000000003588522 to 0x00000000035886e9
Event: 0.759 Thread 0x0000000000f51000 Exception <a 'java/io/FileNotFoundException'> (0x00000000f02540d8) thrown at [C:\re\workspace\8-2-build-windows-amd64-cygwin\jdk8u91\6644\hotspot\src\share\vm\prims\jni.cpp, line 709]
Event: 0.763 Thread 0x0000000000f51000 Exception <a 'java/io/FileNotFoundException'> (0x00000000f0287fb0) thrown at [C:\re\workspace\8-2-build-windows-amd64-cygwin\jdk8u91\6644\hotspot\src\share\vm\prims\jni.cpp, line 709]

Events (10 events):
Event: 2.448 loading class java/io/DataOutputStream done
Event: 2.449 Thread 0x0000000000f51000 Uncommon trap: trap_request=0xffffff65 fr.pc=0x00000000035fc74c
Event: 2.449 Thread 0x0000000000f51000 DEOPT PACKING pc=0x00000000035fc74c sp=0x0000000000eceba0
Event: 2.449 Thread 0x0000000000f51000 DEOPT UNPACKING pc=0x000000000344556a sp=0x0000000000eceb08 mode 2
Event: 2.450 Thread 0x0000000000f51000 Uncommon trap: trap_request=0xffffff65 fr.pc=0x000000000377f838
Event: 2.450 Thread 0x0000000000f51000 DEOPT PACKING pc=0x000000000377f838 sp=0x0000000000ecec80
Event: 2.450 Thread 0x0000000000f51000 DEOPT UNPACKING pc=0x000000000344556a sp=0x0000000000eceb90 mode 2
Event: 2.450 Thread 0x0000000000f51000 Uncommon trap: trap_request=0xffffff65 fr.pc=0x0000000003956b58
Event: 2.450 Thread 0x0000000000f51000 DEOPT PACKING pc=0x0000000003956b58 sp=0x0000000000ecec60
Event: 2.450 Thread 0x0000000000f51000 DEOPT UNPACKING pc=0x000000000344556a sp=0x0000000000eceb60 mode 2


Dynamic libraries:
0x00007ff710110000 - 0x00007ff710117000 	C:\Program Files\Java\jdk1.8.0_91\bin\javac.exe
0x00007ffb8e710000 - 0x00007ffb8e8d2000 	C:\Windows\SYSTEM32\ntdll.dll
0x00007ffb8e5e0000 - 0x00007ffb8e68d000 	C:\Windows\system32\KERNEL32.DLL
0x00007ffb8b3f0000 - 0x00007ffb8b5cd000 	C:\Windows\system32\KERNELBASE.dll
0x000000006d1d0000 - 0x000000006d2a2000 	C:\Program Files\Java\jdk1.8.0_91\bin\MSVCR100.dll
0x000000006d2b0000 - 0x000000006d2df000 	C:\Program Files\Java\jdk1.8.0_91\bin\jli.dll
0x00007ffb8bdd0000 - 0x00007ffb8be76000 	C:\Windows\system32\ADVAPI32.dll
0x00007ffb8dc10000 - 0x00007ffb8dcad000 	C:\Windows\system32\msvcrt.dll
0x00007ffb8c3e0000 - 0x00007ffb8c43b000 	C:\Windows\system32\sechost.dll
0x00007ffb8df50000 - 0x00007ffb8e076000 	C:\Windows\system32\RPCRT4.dll
0x00007ffb8bfb0000 - 0x00007ffb8c0fe000 	C:\Windows\system32\USER32.dll
0x00007ffb8e290000 - 0x00007ffb8e415000 	C:\Windows\system32\GDI32.dll
0x00007ffb7f1a0000 - 0x00007ffb7f414000 	C:\Windows\WinSxS\amd64_microsoft.windows.common-controls_6595b64144ccf1df_6.0.10240.17184_none_f41d7a705752bce6\COMCTL32.dll
0x00007ffb8e250000 - 0x00007ffb8e286000 	C:\Windows\system32\IMM32.DLL
0x00007ffb8e080000 - 0x00007ffb8e1dc000 	C:\Windows\system32\MSCTF.dll
0x000000006fab0000 - 0x000000006fb82000 	C:\Program Files\Java\jdk1.8.0_91\jre\bin\msvcr100.dll
0x000000006fb90000 - 0x0000000070423000 	C:\Program Files\Java\jdk1.8.0_91\jre\bin\server\jvm.dll
0x00007ffb8e5d0000 - 0x00007ffb8e5d8000 	C:\Windows\system32\PSAPI.DLL
0x00007ffb79460000 - 0x00007ffb79469000 	C:\Windows\SYSTEM32\WSOCK32.dll
0x00007ffb87310000 - 0x00007ffb8731a000 	C:\Windows\SYSTEM32\VERSION.dll
0x00007ffb8e1e0000 - 0x00007ffb8e249000 	C:\Windows\system32\WS2_32.dll
0x00007ffb8e690000 - 0x00007ffb8e698000 	C:\Windows\system32\NSI.dll
0x00007ffb89b60000 - 0x00007ffb89b83000 	C:\Windows\SYSTEM32\WINMM.dll
0x0000000000720000 - 0x000000000074c000 	C:\Windows\SYSTEM32\WINMMBASE.dll
0x00007ffb8b3a0000 - 0x00007ffb8b3e4000 	C:\Windows\system32\cfgmgr32.dll
0x00007ffb8ae70000 - 0x00007ffb8ae97000 	C:\Windows\SYSTEM32\DEVOBJ.dll
0x000000006fa60000 - 0x000000006fa6f000 	C:\Program Files\Java\jdk1.8.0_91\jre\bin\verify.dll
0x000000006fa30000 - 0x000000006fa59000 	C:\Program Files\Java\jdk1.8.0_91\jre\bin\java.dll
0x000000006fa10000 - 0x000000006fa26000 	C:\Program Files\Java\jdk1.8.0_91\jre\bin\zip.dll
0x00007ffb8c6e0000 - 0x00007ffb8dc03000 	C:\Windows\system32\SHELL32.dll
0x00007ffb8b740000 - 0x00007ffb8bd69000 	C:\Windows\system32\windows.storage.dll
0x00007ffb8c440000 - 0x00007ffb8c6bc000 	C:\Windows\system32\combase.dll
0x00007ffb8dd90000 - 0x00007ffb8dde1000 	C:\Windows\system32\shlwapi.dll
0x00007ffb8b130000 - 0x00007ffb8b13f000 	C:\Windows\system32\kernel.appcore.dll
0x00007ffb8b5d0000 - 0x00007ffb8b683000 	C:\Windows\system32\shcore.dll
0x00007ffb8b140000 - 0x00007ffb8b18a000 	C:\Windows\system32\powrprof.dll
0x00007ffb8b190000 - 0x00007ffb8b1a3000 	C:\Windows\system32\profapi.dll
0x00007ffb6ffd0000 - 0x00007ffb7015a000 	C:\Windows\SYSTEM32\dbghelp.dll

VM Arguments:
jvm_args: -Dapplication.home=C:\Program Files\Java\jdk1.8.0_91 -Xms8m 
java_command: com.sun.tools.javac.Main -d C:\Users\sharm\OneDrive\Documents\NetBeansProjects\Restaurant_Mangagement_System\build\classes -classpath C:\Users\sharm\OneDrive\Documents\NetBeansProjects\Restaurant_Mangagement_System\build\classes -sourcepath C:\Users\sharm\OneDrive\Documents\NetBeansProjects\Restaurant_Mangagement_System\build\empty -target 1.8 -encoding UTF-8 -g -processorpath C:\Users\sharm\OneDrive\Documents\NetBeansProjects\Restaurant_Mangagement_System\build\empty -s C:\Users\sharm\OneDrive\Documents\NetBeansProjects\Restaurant_Mangagement_System\build\generated-sources\ap-source-output -source 1.8 C:\Users\sharm\OneDrive\Documents\NetBeansProjects\Restaurant_Mangagement_System\src\Restaurant_Management.java
java_class_path (initial): C:\Program Files\Java\jdk1.8.0_91/lib/tools.jar;C:\Program Files\Java\jdk1.8.0_91/classes
Launcher Type: SUN_STANDARD

Environment Variables:
PATH=C:\ProgramData\Oracle\Java\javapath;C:\Program Files (x86)\NVIDIA Corporation\PhysX\Common;C:\Windows\system32;C:\Windows;C:\Windows\System32\Wbem;C:\Windows\System32\WindowsPowerShell\v1.0\
USERNAME=sharm
OS=Windows_NT
PROCESSOR_IDENTIFIER=Intel64 Family 6 Model 23 Stepping 10, GenuineIntel



---------------  S Y S T E M  ---------------

OS: Windows 10.0 , 64 bit Build 10240 (10.0.10240.17113)

CPU:total 2 (2 cores per cpu, 1 threads per core) family 6 model 23 stepping 10, cmov, cx8, fxsr, mmx, sse, sse2, sse3, ssse3, sse4.1, tsc

Memory: 4k page, physical 3143860k(474680k free), swap 5230504k(1249452k free)

vm_info: Java HotSpot(TM) 64-Bit Server VM (25.91-b14) for windows-amd64 JRE (1.8.0_91-b14), built on Apr  1 2016 00:58:32 by "java_re" with MS VC++ 10.0 (VS2010)

time: Fri Mar 10 03:38:21 2017
elapsed time: 2 seconds (0d 0h 0m 2s)

