#
# A fatal error has been detected by the Java Runtime Environment:
#
#  EXCEPTION_ACCESS_VIOLATION (0xc0000005) at pc=0xffffffffa4405120, pid=5892, tid=6060
#
# JRE version: Java(TM) SE Runtime Environment (8.0_91-b14) (build 1.8.0_91-b14)
# Java VM: Java HotSpot(TM) 64-Bit Server VM (25.91-b14 mixed mode windows-amd64 compressed oops)
# Problematic frame:
# C  0xffffffffa4405120
#
# Failed to write core dump. Minidumps are not enabled by default on client versions of Windows
#
# If you would like to submit a bug report, please visit:
#   http://bugreport.java.com/bugreport/crash.jsp
#

---------------  T H R E A D  ---------------

Current thread (0x0000000015b43800):  JavaThread "AWT-EventQueue-0" [_thread_in_Java, id=6060, stack(0x00000000164e0000,0x00000000165e0000)]

siginfo: ExceptionCode=0xc0000005, ExceptionInformation=0x0000000000000008 0xffffffffa4405120

Registers:
RAX=0x000000000000123c, RBX=0x00000000000001b8, RCX=0x0000000000000000, RDX=0x00000000f0379ed8
RSP=0x00000000165dd6f8, RBP=0x00000000165dd830, RSI=0x0000000013e151d0, RDI=0x0000000000000022
R8 =0x0000000000000009, R9 =0x0000000000000022, R10=0x00000000703849a0, R11=0x0000000000000019
R12=0x0000000000000000, R13=0x00000000165dd7e0, R14=0x00000000165dd8d0, R15=0x0000000015b43800
RIP=0xffffffffa4405120, EFLAGS=0x0000000000010216

Top of Stack: (sp=0x00000000165dd6f8)
0x00000000165dd6f8:   000000000351679c 00000000165dd700
0x00000000165dd708:   00000001c57455c9 00000000799a1bf0
0x00000000165dd718:   0000000000000001 00000000f04a0b10
0x00000000165dd728:   00000000142c6800 00000000165dd830
0x00000000165dd738:   00000000f04a3398 00000000165dd830
0x00000000165dd748:   000000000358e0c4 00000000f04a2df8
0x00000000165dd758:   00000000f004e900 00000000165dd830
0x00000000165dd768:   00000000035a43fc 00000000f04a2e60
0x00000000165dd778:   00000000165dd778 00000000165dd830
0x00000000165dd788:   0000000003511d7c 00000000165dd830
0x00000000165dd798:   000000000358e634 00000000f04a3398
0x00000000165dd7a8:   0000000000000000 00000000165dd830
0x00000000165dd7b8:   0000000003407ef4 00000000165dd830
0x00000000165dd7c8:   0000000003407e20 00000000165dd830
0x00000000165dd7d8:   0000000003407e20 0000000000000009
0x00000000165dd7e8:   00000000f0379ec0 00000000165dd7f0 

Instructions: (pc=0xffffffffa4405120)
0xffffffffa4405100:   
[error occurred during error reporting (printing registers, top of stack, instructions near pc), id 0xc0000005]

Register to memory mapping:

RAX=0x000000000000123c is an unknown value
RBX=0x00000000000001b8 is an unknown value
RCX=0x0000000000000000 is an unknown value
RDX=0x00000000f0379ed8 is an oop
[C 
 - klass: {type array char}
 - length: 34
RSP=0x00000000165dd6f8 is pointing into the stack for thread: 0x0000000015b43800
RBP=0x00000000165dd830 is pointing into the stack for thread: 0x0000000015b43800
RSI=0x0000000013e151d0 is pointing into metadata
RDI=0x0000000000000022 is an unknown value
R8 =0x0000000000000009 is an unknown value
R9 =0x0000000000000022 is an unknown value
R10=0x00000000703849a0 is an unknown value
R11=0x0000000000000019 is an unknown value
R12=0x0000000000000000 is an unknown value
R13=0x00000000165dd7e0 is pointing into the stack for thread: 0x0000000015b43800
R14=0x00000000165dd8d0 is pointing into the stack for thread: 0x0000000015b43800
R15=0x0000000015b43800 is a thread


Stack: [0x00000000164e0000,0x00000000165e0000],  sp=0x00000000165dd6f8,  free space=1013k
Native frames: (J=compiled Java code, j=interpreted, Vv=VM code, C=native code)
C  0xffffffffa4405120


---------------  P R O C E S S  ---------------

Java Threads: ( => current thread )
  0x0000000001220800 JavaThread "DestroyJavaVM" [_thread_blocked, id=5208, stack(0x0000000001020000,0x0000000001120000)]
=>0x0000000015b43800 JavaThread "AWT-EventQueue-0" [_thread_in_Java, id=6060, stack(0x00000000164e0000,0x00000000165e0000)]
  0x0000000015ae5800 JavaThread "AWT-Windows" daemon [_thread_in_native, id=6996, stack(0x0000000015da0000,0x0000000015ea0000)]
  0x0000000015ae3800 JavaThread "AWT-Shutdown" [_thread_blocked, id=5948, stack(0x0000000015ca0000,0x0000000015da0000)]
  0x0000000015ae0800 JavaThread "Java2D Disposer" daemon [_thread_blocked, id=1868, stack(0x0000000015ba0000,0x0000000015ca0000)]
  0x00000000145b2800 JavaThread "Service Thread" daemon [_thread_blocked, id=2460, stack(0x00000000155a0000,0x00000000156a0000)]
  0x000000001455c800 JavaThread "C1 CompilerThread1" daemon [_thread_blocked, id=6804, stack(0x00000000154a0000,0x00000000155a0000)]
  0x000000001455a800 JavaThread "C2 CompilerThread0" daemon [_thread_blocked, id=6552, stack(0x00000000153a0000,0x00000000154a0000)]
  0x0000000014559000 JavaThread "Attach Listener" daemon [_thread_blocked, id=3924, stack(0x00000000152a0000,0x00000000153a0000)]
  0x0000000014556000 JavaThread "Signal Dispatcher" daemon [_thread_blocked, id=4392, stack(0x00000000151a0000,0x00000000152a0000)]
  0x000000000130f000 JavaThread "Finalizer" daemon [_thread_blocked, id=2904, stack(0x00000000150a0000,0x00000000151a0000)]
  0x000000000130b800 JavaThread "Reference Handler" daemon [_thread_blocked, id=4484, stack(0x0000000014fa0000,0x00000000150a0000)]

Other Threads:
  0x0000000014526000 VMThread [stack: 0x0000000014ea0000,0x0000000014fa0000] [id=4040]
  0x00000000145c8800 WatcherThread [stack: 0x00000000156a0000,0x00000000157a0000] [id=2396]

VM state:not at safepoint (normal execution)

VM Mutex/Monitor currently owned by a thread: None

Heap:
 PSYoungGen      total 14336K, used 4955K [0x00000000f0000000, 0x00000000f1000000, 0x0000000100000000)
  eden space 12288K, 40% used [0x00000000f0000000,0x00000000f04d6d20,0x00000000f0c00000)
  from space 2048K, 0% used [0x00000000f0e00000,0x00000000f0e00000,0x00000000f1000000)
  to   space 2048K, 0% used [0x00000000f0c00000,0x00000000f0c00000,0x00000000f0e00000)
 ParOldGen       total 32768K, used 0K [0x00000000d0000000, 0x00000000d2000000, 0x00000000f0000000)
  object space 32768K, 0% used [0x00000000d0000000,0x00000000d0000000,0x00000000d2000000)
 Metaspace       used 10027K, capacity 10178K, committed 10368K, reserved 1058816K
  class space    used 1324K, capacity 1405K, committed 1408K, reserved 1048576K

Card table byte_map: [0x00000000017e0000,0x0000000001970000] byte_map_base: 0x0000000001160000

Marking Bits: (ParMarkBitMap*) 0x00000000703a2f70
 Begin Bits: [0x0000000012400000, 0x0000000013000000)
 End Bits:   [0x0000000013000000, 0x0000000013c00000)

Polling page: 0x0000000000990000

CodeCache: size=245760Kb used=1935Kb max_used=1947Kb free=243824Kb
 bounds [0x0000000003400000, 0x0000000003670000, 0x0000000012400000]
 total_blobs=802 nmethods=403 adapters=314
 compilation: enabled

Compilation events (10 events):
Event: 0.786 Thread 0x000000001455c800 nmethod 400 0x00000000035e2ed0 code [0x00000000035e3040, 0x00000000035e31e8]
Event: 0.786 Thread 0x000000001455c800  401       3       java.util.LinkedList$Node::<init> (20 bytes)
Event: 0.786 Thread 0x000000001455c800 nmethod 401 0x00000000035e3290 code [0x00000000035e33e0, 0x00000000035e35d0]
Event: 0.786 Thread 0x000000001455c800  402       1       javax.swing.plaf.nimbus.DerivedColor::getUiDefaultParentName (5 bytes)
Event: 0.786 Thread 0x000000001455c800 nmethod 402 0x00000000035e3690 code [0x00000000035e37e0, 0x00000000035e38f0]
Event: 0.786 Thread 0x000000001455c800  403       3       java.lang.reflect.Modifier::isPublic (12 bytes)
Event: 0.787 Thread 0x000000001455c800 nmethod 403 0x00000000035e6750 code [0x00000000035e68a0, 0x00000000035e6a30]
Event: 0.787 Thread 0x000000001455a800 nmethod 396 0x00000000035e6a90 code [0x00000000035e6be0, 0x00000000035e6dd8]
Event: 0.787 Thread 0x000000001455a800  399       4       sun.awt.AppContext::getAppContext (51 bytes)
Event: 0.787 Thread 0x000000001455a800 nmethod 399 0x00000000035e6f10 code [0x00000000035e7040, 0x00000000035e70d8]

GC Heap History (0 events):
No events

Deoptimization events (1 events):
Event: 0.433 Thread 0x0000000001220800 Uncommon trap: reason=null_check action=make_not_entrant pc=0x000000000357995c method=java.lang.String.equals(Ljava/lang/Object;)Z @ 8

Internal exceptions (10 events):
Event: 0.548 Thread 0x0000000001220800 Exception <a 'java/lang/ClassNotFoundException': ToolBar> (0x00000000f033d810) thrown at [C:\re\workspace\8-2-build-windows-amd64-cygwin\jdk8u91\6644\hotspot\src\share\vm\classfile\systemDictionary.cpp, line 210]
Event: 0.548 Thread 0x0000000001220800 Exception <a 'java/lang/ClassNotFoundException': ToggleButton> (0x00000000f033ddc0) thrown at [C:\re\workspace\8-2-build-windows-amd64-cygwin\jdk8u91\6644\hotspot\src\share\vm\classfile\systemDictionary.cpp, line 210]
Event: 0.548 Thread 0x0000000001220800 Exception <a 'java/lang/ClassNotFoundException': javax/swing/JToolBarSeparator> (0x00000000f033e220) thrown at [C:\re\workspace\8-2-build-windows-amd64-cygwin\jdk8u91\6644\hotspot\src\share\vm\classfile\systemDictionary.cpp, line 210]
Event: 0.548 Thread 0x0000000001220800 Exception <a 'java/lang/ClassNotFoundException': ToolBarSeparator> (0x00000000f033e6b8) thrown at [C:\re\workspace\8-2-build-windows-amd64-cygwin\jdk8u91\6644\hotspot\src\share\vm\classfile\systemDictionary.cpp, line 210]
Event: 0.548 Thread 0x0000000001220800 Exception <a 'java/lang/ClassNotFoundException': ToolTip> (0x00000000f033edf8) thrown at [C:\re\workspace\8-2-build-windows-amd64-cygwin\jdk8u91\6644\hotspot\src\share\vm\classfile\systemDictionary.cpp, line 210]
Event: 0.549 Thread 0x0000000001220800 Exception <a 'java/lang/ClassNotFoundException': Tree> (0x00000000f033fa18) thrown at [C:\re\workspace\8-2-build-windows-amd64-cygwin\jdk8u91\6644\hotspot\src\share\vm\classfile\systemDictionary.cpp, line 210]
Event: 0.549 Thread 0x0000000001220800 Exception <a 'java/lang/ClassNotFoundException': Tree> (0x00000000f0340158) thrown at [C:\re\workspace\8-2-build-windows-amd64-cygwin\jdk8u91\6644\hotspot\src\share\vm\classfile\systemDictionary.cpp, line 210]
Event: 0.550 Thread 0x0000000001220800 Exception <a 'java/lang/ClassNotFoundException': javax/swing/JTreeCell> (0x00000000f03404d8) thrown at [C:\re\workspace\8-2-build-windows-amd64-cygwin\jdk8u91\6644\hotspot\src\share\vm\classfile\systemDictionary.cpp, line 210]
Event: 0.550 Thread 0x0000000001220800 Exception <a 'java/lang/ClassNotFoundException': TreeCell> (0x00000000f0340960) thrown at [C:\re\workspace\8-2-build-windows-amd64-cygwin\jdk8u91\6644\hotspot\src\share\vm\classfile\systemDictionary.cpp, line 210]
Event: 0.551 Thread 0x0000000001220800 Exception <a 'java/lang/ClassNotFoundException': RootPane> (0x00000000f03413c0) thrown at [C:\re\workspace\8-2-build-windows-amd64-cygwin\jdk8u91\6644\hotspot\src\share\vm\classfile\systemDictionary.cpp, line 210]

Events (10 events):
Event: 0.783 loading class javax/swing/event/DocumentListener done
Event: 0.783 loading class javax/swing/plaf/basic/BasicTextUI$UpdateHandler done
Event: 0.783 loading class javax/swing/plaf/basic/BasicTextUI$DragListener
Event: 0.783 loading class javax/swing/event/MouseInputAdapter
Event: 0.783 loading class javax/swing/event/MouseInputAdapter done
Event: 0.783 loading class javax/swing/plaf/basic/BasicTextUI$DragListener done
Event: 0.783 loading class javax/swing/plaf/synth/SynthTextFieldUI$Handler
Event: 0.783 loading class javax/swing/plaf/synth/SynthTextFieldUI$Handler done
Event: 0.785 loading class javax/swing/plaf/nimbus/TextFieldPainter
Event: 0.785 loading class javax/swing/plaf/nimbus/TextFieldPainter done


Dynamic libraries:
0x00007ff777770000 - 0x00007ff7777a7000 	C:\Program Files\Java\jdk1.8.0_91\bin\java.exe
0x00007ffb8e710000 - 0x00007ffb8e8d2000 	C:\Windows\SYSTEM32\ntdll.dll
0x00007ffb8e5e0000 - 0x00007ffb8e68d000 	C:\Windows\system32\KERNEL32.DLL
0x00007ffb8b3f0000 - 0x00007ffb8b5cd000 	C:\Windows\system32\KERNELBASE.dll
0x00007ffb8bdd0000 - 0x00007ffb8be76000 	C:\Windows\system32\ADVAPI32.dll
0x00007ffb8dc10000 - 0x00007ffb8dcad000 	C:\Windows\system32\msvcrt.dll
0x00007ffb8c3e0000 - 0x00007ffb8c43b000 	C:\Windows\system32\sechost.dll
0x00007ffb8df50000 - 0x00007ffb8e076000 	C:\Windows\system32\RPCRT4.dll
0x00007ffb8bfb0000 - 0x00007ffb8c0fe000 	C:\Windows\system32\USER32.dll
0x00007ffb8e290000 - 0x00007ffb8e415000 	C:\Windows\system32\GDI32.dll
0x00007ffb7f1a0000 - 0x00007ffb7f414000 	C:\Windows\WinSxS\amd64_microsoft.windows.common-controls_6595b64144ccf1df_6.0.10240.17184_none_f41d7a705752bce6\COMCTL32.dll
0x00007ffb8e250000 - 0x00007ffb8e286000 	C:\Windows\system32\IMM32.DLL
0x00007ffb8e080000 - 0x00007ffb8e1dc000 	C:\Windows\system32\MSCTF.dll
0x000000006fab0000 - 0x000000006fb82000 	C:\Program Files\Java\jdk1.8.0_91\jre\bin\msvcr100.dll
0x000000006fb90000 - 0x0000000070423000 	C:\Program Files\Java\jdk1.8.0_91\jre\bin\server\jvm.dll
0x00007ffb8e5d0000 - 0x00007ffb8e5d8000 	C:\Windows\system32\PSAPI.DLL
0x00007ffb79460000 - 0x00007ffb79469000 	C:\Windows\SYSTEM32\WSOCK32.dll
0x00007ffb8e1e0000 - 0x00007ffb8e249000 	C:\Windows\system32\WS2_32.dll
0x00007ffb8e690000 - 0x00007ffb8e698000 	C:\Windows\system32\NSI.dll
0x00007ffb89b60000 - 0x00007ffb89b83000 	C:\Windows\SYSTEM32\WINMM.dll
0x00007ffb87310000 - 0x00007ffb8731a000 	C:\Windows\SYSTEM32\VERSION.dll
0x00007ffb89b30000 - 0x00007ffb89b5c000 	C:\Windows\SYSTEM32\WINMMBASE.dll
0x00007ffb8b3a0000 - 0x00007ffb8b3e4000 	C:\Windows\system32\cfgmgr32.dll
0x00007ffb8ae70000 - 0x00007ffb8ae97000 	C:\Windows\SYSTEM32\DEVOBJ.dll
0x000000006fa60000 - 0x000000006fa6f000 	C:\Program Files\Java\jdk1.8.0_91\jre\bin\verify.dll
0x000000006fa30000 - 0x000000006fa59000 	C:\Program Files\Java\jdk1.8.0_91\jre\bin\java.dll
0x000000006fa10000 - 0x000000006fa26000 	C:\Program Files\Java\jdk1.8.0_91\jre\bin\zip.dll
0x00007ffb8c6e0000 - 0x00007ffb8dc03000 	C:\Windows\system32\SHELL32.dll
0x00007ffb8b740000 - 0x00007ffb8bd69000 	C:\Windows\system32\windows.storage.dll
0x00007ffb8c440000 - 0x00007ffb8c6bc000 	C:\Windows\system32\combase.dll
0x00007ffb8dd90000 - 0x00007ffb8dde1000 	C:\Windows\system32\shlwapi.dll
0x00007ffb8b130000 - 0x00007ffb8b13f000 	C:\Windows\system32\kernel.appcore.dll
0x00007ffb8b5d0000 - 0x00007ffb8b683000 	C:\Windows\system32\shcore.dll
0x00007ffb8b140000 - 0x00007ffb8b18a000 	C:\Windows\system32\powrprof.dll
0x00007ffb8b190000 - 0x00007ffb8b1a3000 	C:\Windows\system32\profapi.dll
0x000000006f830000 - 0x000000006f9c8000 	C:\Program Files\Java\jdk1.8.0_91\jre\bin\awt.dll
0x00007ffb8be80000 - 0x00007ffb8bf42000 	C:\Windows\system32\OLEAUT32.dll
0x00007ffb890a0000 - 0x00007ffb89118000 	C:\Windows\system32\apphelp.dll
0x00007ffb89140000 - 0x00007ffb891d6000 	C:\Windows\system32\uxtheme.dll
0x00007ffb88ab0000 - 0x00007ffb88ad2000 	C:\Windows\system32\dwmapi.dll
0x00007ffb8de00000 - 0x00007ffb8df41000 	C:\Windows\system32\ole32.dll
0x00007ffb8af50000 - 0x00007ffb8afbb000 	C:\Windows\SYSTEM32\bcryptPrimitives.dll
0x000000006f7e0000 - 0x000000006f827000 	C:\Program Files\Java\jdk1.8.0_91\jre\bin\fontmanager.dll
0x00007ffb6e6b0000 - 0x00007ffb6e8c0000 	C:\Windows\system32\d3d9.dll
0x00007ffb6a420000 - 0x00007ffb6b4d6000 	C:\Windows\SYSTEM32\nvd3dumx.dll
0x0000000180000000 - 0x0000000180142000 	C:\Windows\system32\nvspcap64.dll
0x00007ffb8b1d0000 - 0x00007ffb8b391000 	C:\Windows\system32\CRYPT32.dll
0x00007ffb8b1b0000 - 0x00007ffb8b1c1000 	C:\Windows\system32\MSASN1.dll
0x00007ffb86850000 - 0x00007ffb86b83000 	C:\Windows\system32\nvapi64.dll
0x00007ffb8c100000 - 0x00007ffb8c2c5000 	C:\Windows\system32\SETUPAPI.dll
0x00007ffb85dd0000 - 0x00007ffb85f3a000 	C:\Program Files (x86)\NVIDIA Corporation\3D Vision\nvSCPAPI64.dll
0x00007ffb6ffd0000 - 0x00007ffb7015a000 	C:\Windows\SYSTEM32\dbghelp.dll

VM Arguments:
jvm_args: -Dfile.encoding=UTF-8 
java_command: Restaurant_Management
java_class_path (initial): C:\Users\sharm\OneDrive\Documents\NetBeansProjects\Restaurant_Mangagement_System\build\classes
Launcher Type: SUN_STANDARD

Environment Variables:
PATH=C:\ProgramData\Oracle\Java\javapath;C:\Program Files (x86)\NVIDIA Corporation\PhysX\Common;C:\Windows\system32;C:\Windows;C:\Windows\System32\Wbem;C:\Windows\System32\WindowsPowerShell\v1.0\
USERNAME=sharm
OS=Windows_NT
PROCESSOR_IDENTIFIER=Intel64 Family 6 Model 23 Stepping 10, GenuineIntel



---------------  S Y S T E M  ---------------

OS: Windows 10.0 , 64 bit Build 10240 (10.0.10240.17113)

CPU:total 2 (2 cores per cpu, 1 threads per core) family 6 model 23 stepping 10, cmov, cx8, fxsr, mmx, sse, sse2, sse3, ssse3, sse4.1, tsc

Memory: 4k page, physical 3143860k(198932k free), swap 5223272k(607596k free)

vm_info: Java HotSpot(TM) 64-Bit Server VM (25.91-b14) for windows-amd64 JRE (1.8.0_91-b14), built on Apr  1 2016 00:58:32 by "java_re" with MS VC++ 10.0 (VS2010)

time: Fri Mar 10 03:28:25 2017
elapsed time: 1 seconds (0d 0h 0m 1s)

